build/app/outputs/mapping/release/seeds.txt
com.example.my_radio.MainActivity
com.example.my_radio.MainActivity: MainActivity()
...
io.flutter.plugins.sharedpreferences.SharedPreferencesPlugin$getString$1$invokeSuspend$$inlined$map$1$2$1: int label
io.flutter.plugin.common.StandardMessageCodec: byte LIST
io.flutter.view.AccessibilityBridge$Action: io.flutter.view.AccessibilityBridge$Action MOVE_CURSOR_BACKWARD_BY_CHARACTER
io.flutter.embedding.android.FlutterActivityAndFragmentDelegate: io.flutter.embedding.engine.FlutterEngine flutterEngine
io.flutter.view.AccessibilityBridge$Flag: io.flutter.view.AccessibilityBridge$Flag IS_BUTTON
io.flutter.embedding.engine.systemchannels.SpellCheckChannel$1: io.flutter.embedding.engine.systemchannels.SpellCheckChannel this$0
io.flutter.plugin.common.EventChannel$IncomingStreamRequestHandler: io.flutter.plugin.common.EventChannel$StreamHandler handler
io.flutter.embedding.engine.FlutterShellArgs: java.lang.String ARG_KEY_TRACE_SKIA
io.flutter.plugin.editing.FlutterTextUtils: int LINE_FEED
io.flutter.view.AccessibilityBridge$Flag: io.flutter.view.AccessibilityBridge$Flag IS_CHECKED
io.flutter.embedding.engine.loader.FlutterLoader: java.lang.String OLD_GEN_HEAP_SIZE_META_DATA_KEY
io.flutter.embedding.android.AndroidTouchProcessor: int POINTER_DATA_FIELD_COUNT
io.flutter.view.AccessibilityBridge: boolean accessibleNavigation
io.flutter.plugin.editing.InputConnectionAdaptor: android.view.inputmethod.InputMethodManager mImm
io.flutter.embedding.engine.loader.ResourceExtractor: java.lang.String mPackageName
io.flutter.embedding.engine.FlutterShellArgs: java.lang.String ARG_TRACE_SYSTRACE
io.flutter.plugins.videoplayer.Messages$FlutterError: java.lang.Object details
io.flutter.embedding.engine.renderer.FlutterRenderer$SurfaceTextureRegistryEntry: long id
io.flutter.embedding.engine.renderer.FlutterRenderer$1: io.flutter.embedding.engine.renderer.FlutterRenderer this$0
io.flutter.plugins.webviewflutter.ConsoleMessageLevel: io.flutter.plugins.webviewflutter.ConsoleMessageLevel DEBUG
io.flutter.embedding.engine.FlutterJNI: io.flutter.embedding.engine.FlutterJNI$AccessibilityDelegate accessibilityDelegate
io.flutter.embedding.android.FlutterFragment: android.view.ViewTreeObserver$OnWindowFocusChangeListener onWindowFocusChangeListener
io.flutter.embedding.engine.FlutterShellArgs: java.lang.String ARG_KEY_START_PAUSED
io.flutter.embedding.engine.plugins.FlutterPlugin$FlutterPluginBinding: io.flutter.embedding.engine.FlutterEngine flutterEngine
kotlinx.coroutines.channels.BufferedChannel: java.lang.Object _closeCause
io.flutter.plugin.platform.ImageReaderPlatformViewRenderTarget: android.os.Handler onImageAvailableHandler
io.flutter.embedding.engine.FlutterJNI: java.lang.Long nativeShellHolderId
io.flutter.plugins.pathprovider.Messages$StorageDirectory: io.flutter.plugins.pathprovider.Messages$StorageDirectory DCIM
androidx.fragment.app.Fragment: android.os.Bundle mArguments
io.flutter.view.AccessibilityBridge$Action: int value
io.flutter.embedding.engine.renderer.SurfaceTextureSurfaceProducer: android.view.Surface surface
io.flutter.embedding.engine.renderer.FlutterRenderer$ImageReaderSurfaceProducer$PerImageReader: java.util.ArrayDeque imageQueue
io.flutter.embedding.android.KeyboardMap: long kAndroidPlane
io.flutter.embedding.engine.FlutterJNI: boolean prefetchDefaultFontManagerCalled
io.flutter.embedding.android.FlutterActivityAndFragmentDelegate: java.lang.String FRAMEWORK_RESTORATION_BUNDLE_KEY
io.flutter.plugin.editing.ListenableEditingState: android.view.inputmethod.BaseInputConnection mDummyConnection
io.flutter.plugins.webviewflutter.PigeonApiWebViewClient: io.flutter.plugins.webviewflutter.AndroidWebkitLibraryPigeonProxyApiRegistrar pigeonRegistrar
io.flutter.embedding.android.FlutterActivityLaunchConfigs: java.lang.String EXTRA_CACHED_ENGINE_ID
androidx.activity.OnBackPressedCallback: kotlin.jvm.functions.Function0 enabledChangedCallback
io.flutter.embedding.engine.loader.ResourceExtractor: java.util.HashSet mResources
io.flutter.embedding.engine.loader.ResourceExtractor$ExtractTask: java.util.HashSet mResources