build/app/outputs/mapping/release/usage.txt
com.example.my_radio.R$drawable
com.example.my_radio.R$mipmap
com.example.my_radio.R$style
com.example.my_radio.R
...
okio.Throttler
okio.Timeout$Companion$NONE$1
okio.Timeout$Companion
okio.Timeout
okio.Utf8
okio.ZipFileSystem$Companion
okio.ZipFileSystem
okio._JvmPlatformKt
okio.internal.-Buffer
okio.internal.-ByteString
okio.internal.-FileSystem$collectRecursively$1
okio.internal.-FileSystem$commonDeleteRecursively$sequence$1
okio.internal.-FileSystem$commonListRecursively$1
okio.internal.-FileSystem
okio.internal.-Path
okio.internal.-RealBufferedSink
okio.internal.-RealBufferedSource
okio.internal.-SegmentedByteString
okio.internal.EocdRecord
okio.internal.FixedLengthSource
okio.internal.ResourceFileSystem$Companion$toJarRoot$zip$1
okio.internal.ResourceFileSystem$Companion
okio.internal.ResourceFileSystem$roots$2
okio.internal.ResourceFileSystem
okio.internal.ZipEntry
okio.internal.ZipFilesKt$buildIndex$$inlined$sortedBy$1
okio.internal.ZipFilesKt$openZip$1
okio.internal.ZipFilesKt$readEntry$1
okio.internal.ZipFilesKt$readOrSkipLocalHeader$1
okio.internal.ZipFilesKt
okio.internal._Utf8Kt
org.chromium.support_lib_boundary.ProcessGlobalConfigConstants:
    private void <init>()
org.chromium.support_lib_boundary.util.BoundaryInterfaceReflectionUtil$InvocationHandlerWithDelegateGetter
org.chromium.support_lib_boundary.util.BoundaryInterfaceReflectionUtil:
    public void <init>()
    public static boolean containsFeature(java.lang.String[],java.lang.String)
    public static java.lang.reflect.InvocationHandler createInvocationHandlerFor(java.lang.Object)
    public static java.lang.reflect.InvocationHandler[] createInvocationHandlersForArray(java.lang.Object[])
    public static java.lang.reflect.Method dupeMethod(java.lang.reflect.Method,java.lang.ClassLoader)
    public static java.lang.Object getDelegateFromInvocationHandler(java.lang.reflect.InvocationHandler)
    public static boolean instanceOfInOwnClassLoader(java.lang.Object,java.lang.String)
org.chromium.support_lib_boundary.util.Contract
org.chromium.support_lib_boundary.util.Features
org.intellij.lang.annotations.Flow
org.intellij.lang.annotations.Identifier
org.intellij.lang.annotations.JdkConstants$AdjustableOrientation
org.intellij.lang.annotations.JdkConstants$BoxLayoutAxis
org.intellij.lang.annotations.JdkConstants$CalendarMonth
org.intellij.lang.annotations.JdkConstants$CursorType
org.intellij.lang.annotations.JdkConstants$FlowLayoutAlignment
org.intellij.lang.annotations.JdkConstants$FontStyle
org.intellij.lang.annotations.JdkConstants$HorizontalAlignment
org.intellij.lang.annotations.JdkConstants$HorizontalScrollBarPolicy
org.intellij.lang.annotations.JdkConstants$InputEventMask
org.intellij.lang.annotations.JdkConstants$ListSelectionMode
org.intellij.lang.annotations.JdkConstants$PatternFlags
org.intellij.lang.annotations.JdkConstants$TabLayoutPolicy
org.intellij.lang.annotations.JdkConstants$TabPlacement
org.intellij.lang.annotations.JdkConstants$TitledBorderJustification
org.intellij.lang.annotations.JdkConstants$TitledBorderTitlePosition
org.intellij.lang.annotations.JdkConstants$TreeSelectionMode
org.intellij.lang.annotations.JdkConstants$VerticalScrollBarPolicy
org.intellij.lang.annotations.JdkConstants
org.intellij.lang.annotations.Language
org.intellij.lang.annotations.MagicConstant
org.intellij.lang.annotations.Pattern
org.intellij.lang.annotations.PrintFormat
org.intellij.lang.annotations.PrintFormatPattern
org.intellij.lang.annotations.RegExp
org.intellij.lang.annotations.Subst
org.jetbrains.annotations.ApiStatus$AvailableSince
org.jetbrains.annotations.ApiStatus$Experimental
org.jetbrains.annotations.ApiStatus$Internal
org.jetbrains.annotations.ApiStatus$NonExtendable
org.jetbrains.annotations.ApiStatus$OverrideOnly
org.jetbrains.annotations.ApiStatus$ScheduledForRemoval
org.jetbrains.annotations.ApiStatus
org.jetbrains.annotations.Async$Execute
org.jetbrains.annotations.Async$Schedule
org.jetbrains.annotations.Async
org.jetbrains.annotations.Blocking
org.jetbrains.annotations.BlockingExecutor
org.jetbrains.annotations.Contract